<?xml version="1.0" encoding="UTF-8"?>
<!-- Generated by org.testng.reporters.JUnitXMLReporter -->
<testsuite ignored="0" hostname="DESKTOP-0MHP5IB" failures="0" tests="1" name="Test1" time="0.053" errors="0" timestamp="2022-04-22T22:25:23 EDT">
  <testcase classname="am.karas.TestScripts.Base" name="@BeforeTest openApplication" time="0.011">
    <failure type="java.lang.NullPointerException" message="Cannot invoke &amp;quot;String.equals(Object)&amp;quot; because &amp;quot;browserType&amp;quot; is null">
      <![CDATA[java.lang.NullPointerException: Cannot invoke "String.equals(Object)" because "browserType" is null
at am.karas.TestScripts.Base.openApplication(Base.java:27)
at java.base/java.util.concurrent.FutureTask.run(FutureTask.java:264)
at java.base/java.util.concurrent.ThreadPoolExecutor.runWorker(ThreadPoolExecutor.java:1136)
at java.base/java.util.concurrent.ThreadPoolExecutor$Worker.run(ThreadPoolExecutor.java:635)
at java.base/java.lang.Thread.run(Thread.java:833)
... Removed 15 stack frames]]>
    </failure>
  </testcase> <!-- @BeforeTest openApplication -->
  <testcase classname="am.karas.TestScripts.VerifySearchFoodTest" name="@AfterMethod takeScreenshotOnFailure" time="-1.650680723512E9">
    <skipped/>
  </testcase> <!-- @AfterMethod takeScreenshotOnFailure -->
  <testcase classname="am.karas.TestScripts.Base" name="@AfterTest closeApplication" time="-1.650680723516E9">
    <skipped/>
  </testcase> <!-- @AfterTest closeApplication -->
  <testcase classname="am.karas.TestScripts.VerifySearchFoodTest" name="verifySearchFood" time="0.0">
    <skipped/>
  </testcase> <!-- verifySearchFood -->
</testsuite> <!-- Test1 -->
