<?xml version="1.0" encoding="UTF-8"?>
<testng-results ignored="0" total="6" passed="6" failed="0" skipped="0">
  <reporter-output>
  </reporter-output>
  <suite started-at="2022-04-23T11:28:54 EDT" name="Suite" finished-at="2022-04-23T11:29:38 EDT" duration-ms="44274">
    <groups>
    </groups>
    <test started-at="2022-04-23T11:28:54 EDT" name="Test1" finished-at="2022-04-23T11:29:09 EDT" duration-ms="15282">
      <class name="am.karas.TestScripts.VerifyDeliveryCenterTest">
        <test-method is-config="true" signature="openApplication(java.lang.String)[pri:0, instance:am.karas.TestScripts.VerifyDeliveryCenterTest@290222c1]" started-at="2022-04-23T11:28:54 EDT" name="openApplication" finished-at="2022-04-23T11:29:03 EDT" duration-ms="9273" status="PASS">
          <params>
            <param index="0">
              <value>
                <![CDATA[chrome]]>
              </value>
            </param>
          </params>
          <reporter-output>
          </reporter-output>
        </test-method> <!-- openApplication -->
        <test-method signature="verifySearchFood()[pri:0, instance:am.karas.TestScripts.VerifyDeliveryCenterTest@290222c1]" started-at="2022-04-23T11:29:03 EDT" name="verifySearchFood" finished-at="2022-04-23T11:29:09 EDT" duration-ms="5251" status="PASS">
          <reporter-output>
          </reporter-output>
        </test-method> <!-- verifySearchFood -->
        <test-method is-config="true" signature="takeScreenshotOnFailure(org.testng.ITestResult)[pri:0, instance:am.karas.TestScripts.VerifyDeliveryCenterTest@290222c1]" started-at="2022-04-23T11:29:09 EDT" name="takeScreenshotOnFailure" finished-at="2022-04-23T11:29:09 EDT" duration-ms="1" status="PASS">
          <params>
            <param index="0">
              <value>
                <![CDATA[[TestResult name=verifySearchFood status=SUCCESS method=VerifyDeliveryCenterTest.verifySearchFood()[pri:0, instance:am.karas.TestScripts.VerifyDeliveryCenterTest@290222c1] output={null}]]]>
              </value>
            </param>
          </params>
          <reporter-output>
          </reporter-output>
        </test-method> <!-- takeScreenshotOnFailure -->
        <test-method is-config="true" signature="closeApplication()[pri:0, instance:am.karas.TestScripts.VerifyDeliveryCenterTest@290222c1]" started-at="2022-04-23T11:29:09 EDT" name="closeApplication" finished-at="2022-04-23T11:29:09 EDT" duration-ms="739" status="PASS">
          <reporter-output>
          </reporter-output>
        </test-method> <!-- closeApplication -->
      </class> <!-- am.karas.TestScripts.VerifyDeliveryCenterTest -->
    </test> <!-- Test1 -->
    <test started-at="2022-04-23T11:28:54 EDT" name="Test5" finished-at="2022-04-23T11:29:11 EDT" duration-ms="16377">
      <class name="am.karas.TestScripts.VerifyOffersTest">
        <test-method is-config="true" signature="openApplication(java.lang.String)[pri:0, instance:am.karas.TestScripts.VerifyOffersTest@1a6d8329]" started-at="2022-04-23T11:28:54 EDT" name="openApplication" finished-at="2022-04-23T11:29:04 EDT" duration-ms="9412" status="PASS">
          <params>
            <param index="0">
              <value>
                <![CDATA[chrome]]>
              </value>
            </param>
          </params>
          <reporter-output>
          </reporter-output>
        </test-method> <!-- openApplication -->
        <test-method signature="verifyOffer()[pri:0, instance:am.karas.TestScripts.VerifyOffersTest@1a6d8329]" started-at="2022-04-23T11:29:04 EDT" name="verifyOffer" finished-at="2022-04-23T11:29:10 EDT" duration-ms="6269" status="PASS">
          <reporter-output>
          </reporter-output>
        </test-method> <!-- verifyOffer -->
        <test-method is-config="true" signature="closeApplication()[pri:0, instance:am.karas.TestScripts.VerifyOffersTest@1a6d8329]" started-at="2022-04-23T11:29:10 EDT" name="closeApplication" finished-at="2022-04-23T11:29:11 EDT" duration-ms="689" status="PASS">
          <reporter-output>
          </reporter-output>
        </test-method> <!-- closeApplication -->
        <test-method is-config="true" signature="takeScreenshotOnFailure(org.testng.ITestResult)[pri:0, instance:am.karas.TestScripts.VerifyOffersTest@1a6d8329]" started-at="2022-04-23T11:29:10 EDT" name="takeScreenshotOnFailure" finished-at="2022-04-23T11:29:10 EDT" duration-ms="0" status="PASS">
          <params>
            <param index="0">
              <value>
                <![CDATA[[TestResult name=verifyOffer status=SUCCESS method=VerifyOffersTest.verifyOffer()[pri:0, instance:am.karas.TestScripts.VerifyOffersTest@1a6d8329] output={null}]]]>
              </value>
            </param>
          </params>
          <reporter-output>
          </reporter-output>
        </test-method> <!-- takeScreenshotOnFailure -->
      </class> <!-- am.karas.TestScripts.VerifyOffersTest -->
    </test> <!-- Test5 -->
    <test started-at="2022-04-23T11:28:54 EDT" name="Test3" finished-at="2022-04-23T11:29:19 EDT" duration-ms="25084">
      <class name="am.karas.TestScripts.VerifySelectFoodTest">
        <test-method is-config="true" signature="openApplication(java.lang.String)[pri:0, instance:am.karas.TestScripts.VerifySelectFoodTest@e350b40]" started-at="2022-04-23T11:28:54 EDT" name="openApplication" finished-at="2022-04-23T11:29:03 EDT" duration-ms="8783" status="PASS">
          <params>
            <param index="0">
              <value>
                <![CDATA[chrome]]>
              </value>
            </param>
          </params>
          <reporter-output>
          </reporter-output>
        </test-method> <!-- openApplication -->
        <test-method signature="verifySelectFood()[pri:0, instance:am.karas.TestScripts.VerifySelectFoodTest@e350b40]" started-at="2022-04-23T11:29:03 EDT" name="verifySelectFood" finished-at="2022-04-23T11:29:19 EDT" duration-ms="15617" status="PASS">
          <reporter-output>
          </reporter-output>
        </test-method> <!-- verifySelectFood -->
        <test-method is-config="true" signature="closeApplication()[pri:0, instance:am.karas.TestScripts.VerifySelectFoodTest@e350b40]" started-at="2022-04-23T11:29:19 EDT" name="closeApplication" finished-at="2022-04-23T11:29:19 EDT" duration-ms="652" status="PASS">
          <reporter-output>
          </reporter-output>
        </test-method> <!-- closeApplication -->
      </class> <!-- am.karas.TestScripts.VerifySelectFoodTest -->
    </test> <!-- Test3 -->
    <test started-at="2022-04-23T11:28:54 EDT" name="Test2" finished-at="2022-04-23T11:29:26 EDT" duration-ms="31487">
      <class name="am.karas.TestScripts.VerifySearchFoodTest">
        <test-method is-config="true" signature="openApplication(java.lang.String)[pri:0, instance:am.karas.TestScripts.VerifySearchFoodTest@229c6181]" started-at="2022-04-23T11:28:54 EDT" name="openApplication" finished-at="2022-04-23T11:29:17 EDT" duration-ms="22620" status="PASS">
          <params>
            <param index="0">
              <value>
                <![CDATA[chrome]]>
              </value>
            </param>
          </params>
          <reporter-output>
          </reporter-output>
        </test-method> <!-- openApplication -->
        <test-method signature="verifySearchFood()[pri:0, instance:am.karas.TestScripts.VerifySearchFoodTest@229c6181]" started-at="2022-04-23T11:29:17 EDT" name="verifySearchFood" finished-at="2022-04-23T11:29:24 EDT" duration-ms="7365" status="PASS">
          <reporter-output>
          </reporter-output>
        </test-method> <!-- verifySearchFood -->
        <test-method is-config="true" signature="takeScreenshotOnFailure(org.testng.ITestResult)[pri:0, instance:am.karas.TestScripts.VerifySearchFoodTest@229c6181]" started-at="2022-04-23T11:29:24 EDT" name="takeScreenshotOnFailure" finished-at="2022-04-23T11:29:24 EDT" duration-ms="1" status="PASS">
          <params>
            <param index="0">
              <value>
                <![CDATA[[TestResult name=verifySearchFood status=SUCCESS method=VerifySearchFoodTest.verifySearchFood()[pri:0, instance:am.karas.TestScripts.VerifySearchFoodTest@229c6181] output={null}]]]>
              </value>
            </param>
          </params>
          <reporter-output>
          </reporter-output>
        </test-method> <!-- takeScreenshotOnFailure -->
        <test-method is-config="true" signature="closeApplication()[pri:0, instance:am.karas.TestScripts.VerifySearchFoodTest@229c6181]" started-at="2022-04-23T11:29:24 EDT" name="closeApplication" finished-at="2022-04-23T11:29:26 EDT" duration-ms="1490" status="PASS">
          <reporter-output>
          </reporter-output>
        </test-method> <!-- closeApplication -->
      </class> <!-- am.karas.TestScripts.VerifySearchFoodTest -->
    </test> <!-- Test2 -->
    <test started-at="2022-04-23T11:29:09 EDT" name="Test6" finished-at="2022-04-23T11:29:26 EDT" duration-ms="16405">
      <class name="am.karas.TestScripts.VerifyHotDishesTest">
        <test-method is-config="true" signature="openApplication(java.lang.String)[pri:0, instance:am.karas.TestScripts.VerifyHotDishesTest@63376bed]" started-at="2022-04-23T11:29:09 EDT" name="openApplication" finished-at="2022-04-23T11:29:17 EDT" duration-ms="7098" status="PASS">
          <params>
            <param index="0">
              <value>
                <![CDATA[chrome]]>
              </value>
            </param>
          </params>
          <reporter-output>
          </reporter-output>
        </test-method> <!-- openApplication -->
        <test-method signature="verifyOffer()[pri:0, instance:am.karas.TestScripts.VerifyHotDishesTest@63376bed]" started-at="2022-04-23T11:29:17 EDT" name="verifyOffer" finished-at="2022-04-23T11:29:25 EDT" duration-ms="8365" status="PASS">
          <reporter-output>
          </reporter-output>
        </test-method> <!-- verifyOffer -->
        <test-method is-config="true" signature="takeScreenshotOnFailure(org.testng.ITestResult)[pri:0, instance:am.karas.TestScripts.VerifyHotDishesTest@63376bed]" started-at="2022-04-23T11:29:25 EDT" name="takeScreenshotOnFailure" finished-at="2022-04-23T11:29:25 EDT" duration-ms="0" status="PASS">
          <params>
            <param index="0">
              <value>
                <![CDATA[[TestResult name=verifyOffer status=SUCCESS method=VerifyHotDishesTest.verifyOffer()[pri:0, instance:am.karas.TestScripts.VerifyHotDishesTest@63376bed] output={null}]]]>
              </value>
            </param>
          </params>
          <reporter-output>
          </reporter-output>
        </test-method> <!-- takeScreenshotOnFailure -->
        <test-method is-config="true" signature="closeApplication()[pri:0, instance:am.karas.TestScripts.VerifyHotDishesTest@63376bed]" started-at="2022-04-23T11:29:25 EDT" name="closeApplication" finished-at="2022-04-23T11:29:26 EDT" duration-ms="934" status="PASS">
          <reporter-output>
          </reporter-output>
        </test-method> <!-- closeApplication -->
      </class> <!-- am.karas.TestScripts.VerifyHotDishesTest -->
    </test> <!-- Test6 -->
    <test started-at="2022-04-23T11:28:54 EDT" name="Test4" finished-at="2022-04-23T11:29:38 EDT" duration-ms="44273">
      <class name="am.karas.TestScripts.VerifyFoodInFoodCartTest">
        <test-method is-config="true" signature="openApplication(java.lang.String)[pri:0, instance:am.karas.TestScripts.VerifyFoodInFoodCartTest@6574a52c]" started-at="2022-04-23T11:28:54 EDT" name="openApplication" finished-at="2022-04-23T11:29:25 EDT" duration-ms="30870" status="PASS">
          <params>
            <param index="0">
              <value>
                <![CDATA[chrome]]>
              </value>
            </param>
          </params>
          <reporter-output>
          </reporter-output>
        </test-method> <!-- openApplication -->
        <test-method signature="verifyFoodInFoodCart()[pri:0, instance:am.karas.TestScripts.VerifyFoodInFoodCartTest@6574a52c]" started-at="2022-04-23T11:29:25 EDT" name="verifyFoodInFoodCart" finished-at="2022-04-23T11:29:38 EDT" duration-ms="12751" status="PASS">
          <reporter-output>
          </reporter-output>
        </test-method> <!-- verifyFoodInFoodCart -->
        <test-method is-config="true" signature="takeScreenshotOnFailure(org.testng.ITestResult)[pri:0, instance:am.karas.TestScripts.VerifyFoodInFoodCartTest@6574a52c]" started-at="2022-04-23T11:29:38 EDT" name="takeScreenshotOnFailure" finished-at="2022-04-23T11:29:38 EDT" duration-ms="1" status="PASS">
          <params>
            <param index="0">
              <value>
                <![CDATA[[TestResult name=verifyFoodInFoodCart status=SUCCESS method=VerifyFoodInFoodCartTest.verifyFoodInFoodCart()[pri:0, instance:am.karas.TestScripts.VerifyFoodInFoodCartTest@6574a52c] output={null}]]]>
              </value>
            </param>
          </params>
          <reporter-output>
          </reporter-output>
        </test-method> <!-- takeScreenshotOnFailure -->
        <test-method is-config="true" signature="closeApplication()[pri:0, instance:am.karas.TestScripts.VerifyFoodInFoodCartTest@6574a52c]" started-at="2022-04-23T11:29:38 EDT" name="closeApplication" finished-at="2022-04-23T11:29:38 EDT" duration-ms="644" status="PASS">
          <reporter-output>
          </reporter-output>
        </test-method> <!-- closeApplication -->
      </class> <!-- am.karas.TestScripts.VerifyFoodInFoodCartTest -->
    </test> <!-- Test4 -->
  </suite> <!-- Suite -->
</testng-results>
