<?xml version="1.0" encoding="UTF-8"?>
<testng-results ignored="0" total="5" passed="5" failed="0" skipped="0">
  <reporter-output>
  </reporter-output>
  <suite started-at="2022-04-23T09:47:50 EDT" name="Suite" finished-at="2022-04-23T09:48:27 EDT" duration-ms="37096">
    <groups>
    </groups>
    <test started-at="2022-04-23T09:47:50 EDT" name="Test5" finished-at="2022-04-23T09:48:09 EDT" duration-ms="19071">
      <class name="am.karas.TestScripts.VerifyHotDishesTest">
        <test-method is-config="true" signature="openApplication(java.lang.String)[pri:0, instance:am.karas.TestScripts.VerifyHotDishesTest@1a6d8329]" started-at="2022-04-23T09:47:50 EDT" name="openApplication" finished-at="2022-04-23T09:48:00 EDT" duration-ms="10372" status="PASS">
          <params>
            <param index="0">
              <value>
                <![CDATA[chrome]]>
              </value>
            </param>
          </params>
          <reporter-output>
          </reporter-output>
        </test-method> <!-- openApplication -->
        <test-method signature="verifyOffer()[pri:0, instance:am.karas.TestScripts.VerifyHotDishesTest@1a6d8329]" started-at="2022-04-23T09:48:00 EDT" name="verifyOffer" finished-at="2022-04-23T09:48:08 EDT" duration-ms="7930" status="PASS">
          <reporter-output>
          </reporter-output>
        </test-method> <!-- verifyOffer -->
        <test-method is-config="true" signature="takeScreenshotOnFailure(org.testng.ITestResult)[pri:0, instance:am.karas.TestScripts.VerifyHotDishesTest@1a6d8329]" started-at="2022-04-23T09:48:08 EDT" name="takeScreenshotOnFailure" finished-at="2022-04-23T09:48:08 EDT" duration-ms="0" status="PASS">
          <params>
            <param index="0">
              <value>
                <![CDATA[[TestResult name=verifyOffer status=SUCCESS method=VerifyHotDishesTest.verifyOffer()[pri:0, instance:am.karas.TestScripts.VerifyHotDishesTest@1a6d8329] output={null}]]]>
              </value>
            </param>
          </params>
          <reporter-output>
          </reporter-output>
        </test-method> <!-- takeScreenshotOnFailure -->
        <test-method is-config="true" signature="closeApplication()[pri:0, instance:am.karas.TestScripts.VerifyHotDishesTest@1a6d8329]" started-at="2022-04-23T09:48:08 EDT" name="closeApplication" finished-at="2022-04-23T09:48:09 EDT" duration-ms="758" status="PASS">
          <reporter-output>
          </reporter-output>
        </test-method> <!-- closeApplication -->
      </class> <!-- am.karas.TestScripts.VerifyHotDishesTest -->
    </test> <!-- Test5 -->
    <test started-at="2022-04-23T09:47:50 EDT" name="Test4" finished-at="2022-04-23T09:48:09 EDT" duration-ms="19807">
      <class name="am.karas.TestScripts.VerifyOffersTest">
        <test-method is-config="true" signature="openApplication(java.lang.String)[pri:0, instance:am.karas.TestScripts.VerifyOffersTest@6c1a5b54]" started-at="2022-04-23T09:47:50 EDT" name="openApplication" finished-at="2022-04-23T09:48:00 EDT" duration-ms="10383" status="PASS">
          <params>
            <param index="0">
              <value>
                <![CDATA[chrome]]>
              </value>
            </param>
          </params>
          <reporter-output>
          </reporter-output>
        </test-method> <!-- openApplication -->
        <test-method signature="verifyOffer()[pri:0, instance:am.karas.TestScripts.VerifyOffersTest@6c1a5b54]" started-at="2022-04-23T09:48:00 EDT" name="verifyOffer" finished-at="2022-04-23T09:48:08 EDT" duration-ms="8562" status="PASS">
          <reporter-output>
          </reporter-output>
        </test-method> <!-- verifyOffer -->
        <test-method is-config="true" signature="takeScreenshotOnFailure(org.testng.ITestResult)[pri:0, instance:am.karas.TestScripts.VerifyOffersTest@6c1a5b54]" started-at="2022-04-23T09:48:08 EDT" name="takeScreenshotOnFailure" finished-at="2022-04-23T09:48:08 EDT" duration-ms="1" status="PASS">
          <params>
            <param index="0">
              <value>
                <![CDATA[[TestResult name=verifyOffer status=SUCCESS method=VerifyOffersTest.verifyOffer()[pri:0, instance:am.karas.TestScripts.VerifyOffersTest@6c1a5b54] output={null}]]]>
              </value>
            </param>
          </params>
          <reporter-output>
          </reporter-output>
        </test-method> <!-- takeScreenshotOnFailure -->
        <test-method is-config="true" signature="closeApplication()[pri:0, instance:am.karas.TestScripts.VerifyOffersTest@6c1a5b54]" started-at="2022-04-23T09:48:08 EDT" name="closeApplication" finished-at="2022-04-23T09:48:09 EDT" duration-ms="855" status="PASS">
          <reporter-output>
          </reporter-output>
        </test-method> <!-- closeApplication -->
      </class> <!-- am.karas.TestScripts.VerifyOffersTest -->
    </test> <!-- Test4 -->
    <test started-at="2022-04-23T09:47:50 EDT" name="Test1" finished-at="2022-04-23T09:48:11 EDT" duration-ms="21343">
      <class name="am.karas.TestScripts.VerifySearchFoodTest">
        <test-method is-config="true" signature="openApplication(java.lang.String)[pri:0, instance:am.karas.TestScripts.VerifySearchFoodTest@290222c1]" started-at="2022-04-23T09:47:50 EDT" name="openApplication" finished-at="2022-04-23T09:47:59 EDT" duration-ms="9380" status="PASS">
          <params>
            <param index="0">
              <value>
                <![CDATA[chrome]]>
              </value>
            </param>
          </params>
          <reporter-output>
          </reporter-output>
        </test-method> <!-- openApplication -->
        <test-method signature="verifySearchFood()[pri:0, instance:am.karas.TestScripts.VerifySearchFoodTest@290222c1]" started-at="2022-04-23T09:47:59 EDT" name="verifySearchFood" finished-at="2022-04-23T09:48:10 EDT" duration-ms="11248" status="PASS">
          <reporter-output>
          </reporter-output>
        </test-method> <!-- verifySearchFood -->
        <test-method is-config="true" signature="takeScreenshotOnFailure(org.testng.ITestResult)[pri:0, instance:am.karas.TestScripts.VerifySearchFoodTest@290222c1]" started-at="2022-04-23T09:48:10 EDT" name="takeScreenshotOnFailure" finished-at="2022-04-23T09:48:10 EDT" duration-ms="1" status="PASS">
          <params>
            <param index="0">
              <value>
                <![CDATA[[TestResult name=verifySearchFood status=SUCCESS method=VerifySearchFoodTest.verifySearchFood()[pri:0, instance:am.karas.TestScripts.VerifySearchFoodTest@290222c1] output={null}]]]>
              </value>
            </param>
          </params>
          <reporter-output>
          </reporter-output>
        </test-method> <!-- takeScreenshotOnFailure -->
        <test-method is-config="true" signature="closeApplication()[pri:0, instance:am.karas.TestScripts.VerifySearchFoodTest@290222c1]" started-at="2022-04-23T09:48:10 EDT" name="closeApplication" finished-at="2022-04-23T09:48:11 EDT" duration-ms="677" status="PASS">
          <reporter-output>
          </reporter-output>
        </test-method> <!-- closeApplication -->
      </class> <!-- am.karas.TestScripts.VerifySearchFoodTest -->
    </test> <!-- Test1 -->
    <test started-at="2022-04-23T09:47:50 EDT" name="Test3" finished-at="2022-04-23T09:48:20 EDT" duration-ms="30311">
      <class name="am.karas.TestScripts.VerifyFoodInFoodCartTest">
        <test-method is-config="true" signature="openApplication(java.lang.String)[pri:0, instance:am.karas.TestScripts.VerifyFoodInFoodCartTest@41a0aa7d]" started-at="2022-04-23T09:47:50 EDT" name="openApplication" finished-at="2022-04-23T09:48:00 EDT" duration-ms="10564" status="PASS">
          <params>
            <param index="0">
              <value>
                <![CDATA[chrome]]>
              </value>
            </param>
          </params>
          <reporter-output>
          </reporter-output>
        </test-method> <!-- openApplication -->
        <test-method signature="verifyFoodInFoodCart()[pri:0, instance:am.karas.TestScripts.VerifyFoodInFoodCartTest@41a0aa7d]" started-at="2022-04-23T09:48:00 EDT" name="verifyFoodInFoodCart" finished-at="2022-04-23T09:48:19 EDT" duration-ms="19030" status="PASS">
          <reporter-output>
          </reporter-output>
        </test-method> <!-- verifyFoodInFoodCart -->
        <test-method is-config="true" signature="takeScreenshotOnFailure(org.testng.ITestResult)[pri:0, instance:am.karas.TestScripts.VerifyFoodInFoodCartTest@41a0aa7d]" started-at="2022-04-23T09:48:19 EDT" name="takeScreenshotOnFailure" finished-at="2022-04-23T09:48:19 EDT" duration-ms="0" status="PASS">
          <params>
            <param index="0">
              <value>
                <![CDATA[[TestResult name=verifyFoodInFoodCart status=SUCCESS method=VerifyFoodInFoodCartTest.verifyFoodInFoodCart()[pri:0, instance:am.karas.TestScripts.VerifyFoodInFoodCartTest@41a0aa7d] output={null}]]]>
              </value>
            </param>
          </params>
          <reporter-output>
          </reporter-output>
        </test-method> <!-- takeScreenshotOnFailure -->
        <test-method is-config="true" signature="closeApplication()[pri:0, instance:am.karas.TestScripts.VerifyFoodInFoodCartTest@41a0aa7d]" started-at="2022-04-23T09:48:19 EDT" name="closeApplication" finished-at="2022-04-23T09:48:20 EDT" duration-ms="710" status="PASS">
          <reporter-output>
          </reporter-output>
        </test-method> <!-- closeApplication -->
      </class> <!-- am.karas.TestScripts.VerifyFoodInFoodCartTest -->
    </test> <!-- Test3 -->
    <test started-at="2022-04-23T09:47:50 EDT" name="Test2" finished-at="2022-04-23T09:48:27 EDT" duration-ms="37096">
      <class name="am.karas.TestScripts.VerifySelectFoodTest">
        <test-method is-config="true" signature="openApplication(java.lang.String)[pri:0, instance:am.karas.TestScripts.VerifySelectFoodTest@4686afc2]" started-at="2022-04-23T09:47:50 EDT" name="openApplication" finished-at="2022-04-23T09:48:13 EDT" duration-ms="23466" status="PASS">
          <params>
            <param index="0">
              <value>
                <![CDATA[chrome]]>
              </value>
            </param>
          </params>
          <reporter-output>
          </reporter-output>
        </test-method> <!-- openApplication -->
        <test-method signature="verifySelectFood()[pri:0, instance:am.karas.TestScripts.VerifySelectFoodTest@4686afc2]" started-at="2022-04-23T09:48:13 EDT" name="verifySelectFood" finished-at="2022-04-23T09:48:26 EDT" duration-ms="12980" status="PASS">
          <reporter-output>
          </reporter-output>
        </test-method> <!-- verifySelectFood -->
        <test-method is-config="true" signature="closeApplication()[pri:0, instance:am.karas.TestScripts.VerifySelectFoodTest@4686afc2]" started-at="2022-04-23T09:48:26 EDT" name="closeApplication" finished-at="2022-04-23T09:48:27 EDT" duration-ms="644" status="PASS">
          <reporter-output>
          </reporter-output>
        </test-method> <!-- closeApplication -->
      </class> <!-- am.karas.TestScripts.VerifySelectFoodTest -->
    </test> <!-- Test2 -->
  </suite> <!-- Suite -->
</testng-results>
